<?xml version="1.0" encoding="UTF-8"?>
<!-- Generated by org.testng.reporters.JUnitReportReporter -->
<testsuite skipped="0" hostname="LAPTOP-A4K5Q85L" name="scripts.swagBuy" tests="1" failures="0" timestamp="2024-03-21T14:06:21 IST" time="50.895" errors="0">
  <testcase name="swagBuyScript" time="50.895" classname="scripts.swagBuy"/>
  <system-out>
    <![CDATA[Title is matching]]>
  </system-out>
</testsuite> <!-- scripts.swagBuy -->
