<?xml version="1.0" encoding="UTF-8"?>
<!-- Generated by org.testng.reporters.JUnitReportReporter -->
<testsuite skipped="0" hostname="LAPTOP-A4K5Q85L" name="scripts.swagLogin" tests="1" failures="0" timestamp="2024-01-23T13:10:05 IST" time="62.654" errors="0">
  <testcase name="swagloginSript" time="62.654" classname="scripts.swagLogin"/>
  <system-out>
    <![CDATA[Title is matching]]>
  </system-out>
</testsuite> <!-- scripts.swagLogin -->
